   ▲ Next.js 14.1.0
   - Local:        http://localhost:3000
   - Environments: .env.local

 ✓ Ready in 2s
 ○ Compiling / ...
 ✓ Compiled / in 4.9s (678 modules)
 ✓ Compiled in 345ms (301 modules)
 ✓ Compiled /posts in 368ms (672 modules)
 ○ Compiling /api/posts ...
 ✓ Compiled /api/posts in 567ms (485 modules)
 ✓ Compiled in 230ms (789 modules)
 ✓ Compiled in 180ms (789 modules)
 ✓ Compiled in 400ms (789 modules)
 ○ Compiling /signup ...
 ✓ Compiled /signup in 721ms (782 modules)
 ✓ Compiled in 352ms (693 modules)
 ✓ Compiled /api/auth/signup in 287ms (492 modules)
 ✓ Compiled /api/posts in 112ms (495 modules)
 ✓ Compiled /login in 268ms (789 modules)
 ✓ Compiled /api/auth/login in 127ms (499 modules)
 ✓ Compiled /posts/myposts in 440ms (797 modules)
 ✓ Compiled /api/posts/myposts in 162ms (505 modules)
 ✓ Compiled /posts/new in 319ms (809 modules)
 ✓ Compiled in 297ms (811 modules)
 ✓ Compiled /api/auth/logout in 122ms (416 modules)
 ✓ Compiled / in 146ms (421 modules)
 ✓ Compiled /api/auth/login in 132ms (506 modules)
 ✓ Compiled /api/posts in 126ms (509 modules)
 ✓ Compiled in 297ms (821 modules)
 ○ Compiling /posts/[id] ...
 ✓ Compiled /posts/[id] in 559ms (808 modules)
 ✓ Compiled /api/posts/[id]/comments in 237ms (508 modules)
 ✓ Compiled (511 modules)
 ✓ Compiled /api/posts/[id]/like in 147ms (508 modules)
 ✓ Compiled /api/posts/myposts in 202ms (510 modules)
 ✓ Compiled /posts/[id]/edit in 247ms (818 modules)
 ✓ Compiled in 220ms (397 modules)
 ✓ Compiled /api/posts in 200ms (500 modules)
 ✓ Compiled in 186ms (500 modules)
 ✓ Compiled /api/posts/myposts in 131ms (502 modules)
 ✓ Compiled /posts/new in 304ms (507 modules)
 ✓ Compiled in 601ms (825 modules)
 ✓ Compiled in 375ms (825 modules)
 ✓ Compiled /api/posts/[id]/comments in 276ms (509 modules)
 ✓ Compiled in 1ms (512 modules)
 ✓ Compiled in 0ms (512 modules)
 ✓ Compiled in 1ms (512 modules)
 ✓ Compiled in 549ms (830 modules)
 ✓ Compiled in 129ms (318 modules)
 ✓ Compiled in 193ms (816 modules)
 ✓ Compiled in 106ms (318 modules)
 ✓ Compiled in 476ms (830 modules)
 ✓ Compiled in 516ms (805 modules)
 ✓ Compiled / in 98ms (402 modules)
 ✓ Compiled /api/posts/myposts in 111ms (501 modules)
 ✓ Compiled /posts/trash in 257ms (811 modules)
 ✓ Compiled /api/posts/trash in 138ms (507 modules)
 ✓ Compiled in 232ms (320 modules)
 ✓ Compiled /posts in 144ms (511 modules)
 ✓ Compiled /api/posts in 130ms (513 modules)
 ✓ Compiled /settings in 347ms (822 modules)
 ✓ Compiled /api/settings in 190ms (516 modules)
 ○ Compiling /_error ...
 ✓ Compiled /not-found in 736ms (877 modules)
 ✓ Compiled /api/settings in 249ms (545 modules)
 ✓ Compiled in 300ms (994 modules)
 ✓ Compiled in 341ms (994 modules)
 ○ Compiling /not-found ...
